<?xml version="1.0" encoding="UTF-8"?>
<coverage generated="1731248471409" clover="3.2.0">
  <project timestamp="1731248471409" name="All files">
    <metrics statements="189" coveredstatements="184" conditionals="34" coveredconditionals="30" methods="35" coveredmethods="35" elements="258" coveredelements="249" complexity="0" loc="189" ncloc="189" packages="2" files="8" classes="8"/>
    <package name="src">
      <metrics statements="85" coveredstatements="81" conditionals="17" coveredconditionals="15" methods="14" coveredmethods="14"/>
      <file name="autostat.ts" path="/Users/chris/enterprise/autostat/src/autostat.ts">
        <metrics statements="16" coveredstatements="16" conditionals="3" coveredconditionals="3" methods="3" coveredmethods="3"/>
        <line num="2" count="1" type="stmt"/>
        <line num="3" count="1" type="stmt"/>
        <line num="4" count="1" type="stmt"/>
        <line num="5" count="1" type="stmt"/>
        <line num="7" count="1" type="stmt"/>
        <line num="14" count="8" type="cond" truecount="1" falsecount="0"/>
        <line num="15" count="5" type="stmt"/>
        <line num="17" count="7" type="cond" truecount="1" falsecount="0"/>
        <line num="18" count="6" type="stmt"/>
        <line num="20" count="7" type="cond" truecount="1" falsecount="0"/>
        <line num="21" count="6" type="stmt"/>
        <line num="25" count="7" type="stmt"/>
        <line num="33" count="1" type="stmt"/>
        <line num="34" count="5" type="stmt"/>
        <line num="35" count="4" type="stmt"/>
        <line num="36" count="19" type="stmt"/>
      </file>
      <file name="calculateMeanAndStandardDeviation.ts" path="/Users/chris/enterprise/autostat/src/calculateMeanAndStandardDeviation.ts">
        <metrics statements="16" coveredstatements="12" conditionals="4" coveredconditionals="2" methods="1" coveredmethods="1"/>
        <line num="3" count="1" type="stmt"/>
        <line num="10" count="4" type="stmt"/>
        <line num="12" count="4" type="cond" truecount="1" falsecount="1"/>
        <line num="13" count="0" type="stmt"/>
        <line num="14" count="0" type="stmt"/>
        <line num="17" count="4" type="stmt"/>
        <line num="18" count="8" type="stmt"/>
        <line num="22" count="4" type="stmt"/>
        <line num="24" count="4" type="stmt"/>
        <line num="26" count="4" type="cond" truecount="1" falsecount="1"/>
        <line num="27" count="0" type="stmt"/>
        <line num="28" count="0" type="stmt"/>
        <line num="34" count="4" type="stmt"/>
        <line num="35" count="8" type="stmt"/>
        <line num="42" count="4" type="stmt"/>
        <line num="44" count="4" type="stmt"/>
      </file>
      <file name="calculatePropertyStats.ts" path="/Users/chris/enterprise/autostat/src/calculatePropertyStats.ts">
        <metrics statements="29" coveredstatements="29" conditionals="4" coveredconditionals="4" methods="2" coveredmethods="2"/>
        <line num="4" count="1" type="stmt"/>
        <line num="8" count="9" type="stmt"/>
        <line num="18" count="9" type="stmt"/>
        <line num="19" count="33" type="stmt"/>
        <line num="21" count="33" type="stmt"/>
        <line num="22" count="92" type="stmt"/>
        <line num="23" count="92" type="stmt"/>
        <line num="25" count="92" type="cond" truecount="1" falsecount="0"/>
        <line num="26" count="26" type="stmt"/>
        <line num="27" count="26" type="stmt"/>
        <line num="33" count="92" type="stmt"/>
        <line num="35" count="92" type="cond" truecount="1" falsecount="0"/>
        <line num="36" count="54" type="stmt"/>
        <line num="39" count="92" type="stmt"/>
        <line num="46" count="92" type="cond" truecount="1" falsecount="0"/>
        <line num="47" count="26" type="stmt"/>
        <line num="54" count="92" type="cond" truecount="1" falsecount="0"/>
        <line num="55" count="34" type="stmt"/>
        <line num="71" count="9" type="stmt"/>
        <line num="74" count="1" type="stmt"/>
        <line num="81" count="34" type="stmt"/>
        <line num="83" count="34" type="stmt"/>
        <line num="84" count="130" type="stmt"/>
        <line num="87" count="34" type="stmt"/>
        <line num="89" count="34" type="stmt"/>
        <line num="91" count="34" type="stmt"/>
        <line num="92" count="130" type="stmt"/>
        <line num="95" count="34" type="stmt"/>
        <line num="99" count="34" type="stmt"/>
      </file>
      <file name="calculateStatistics.ts" path="/Users/chris/enterprise/autostat/src/calculateStatistics.ts">
        <metrics statements="24" coveredstatements="24" conditionals="6" coveredconditionals="6" methods="8" coveredmethods="8"/>
        <line num="17" count="1" type="stmt"/>
        <line num="18" count="45" type="stmt"/>
        <line num="19" count="10" type="stmt"/>
        <line num="20" count="34" type="stmt"/>
        <line num="23" count="10" type="cond" truecount="2" falsecount="0"/>
        <line num="24" count="8" type="stmt"/>
        <line num="25" count="8" type="stmt"/>
        <line num="27" count="2" type="stmt"/>
        <line num="30" count="10" type="stmt"/>
        <line num="31" count="10" type="stmt"/>
        <line num="32" count="34" type="cond" truecount="2" falsecount="0"/>
        <line num="34" count="24" type="cond" truecount="2" falsecount="0"/>
        <line num="36" count="10" type="stmt"/>
        <line num="37" count="10" type="stmt"/>
        <line num="38" count="10" type="stmt"/>
        <line num="40" count="34" type="stmt"/>
        <line num="41" count="10" type="stmt"/>
        <line num="42" count="10" type="stmt"/>
        <line num="44" count="10" type="stmt"/>
        <line num="49" count="10" type="stmt"/>
        <line num="51" count="10" type="stmt"/>
        <line num="53" count="34" type="stmt"/>
        <line num="55" count="34" type="stmt"/>
        <line num="57" count="10" type="stmt"/>
      </file>
    </package>
    <package name="src.sentences">
      <metrics statements="104" coveredstatements="103" conditionals="17" coveredconditionals="15" methods="21" coveredmethods="21"/>
      <file name="generateMeanAndStandardDeviationOutcomeSentences.ts" path="/Users/chris/enterprise/autostat/src/sentences/generateMeanAndStandardDeviationOutcomeSentences.ts">
        <metrics statements="15" coveredstatements="15" conditionals="1" coveredconditionals="1" methods="2" coveredmethods="2"/>
        <line num="1" count="1" type="stmt"/>
        <line num="2" count="1" type="stmt"/>
        <line num="5" count="1" type="stmt"/>
        <line num="11" count="7" type="cond" truecount="1" falsecount="0"/>
        <line num="12" count="5" type="stmt"/>
        <line num="14" count="2" type="stmt"/>
        <line num="15" count="2" type="stmt"/>
        <line num="16" count="2" type="stmt"/>
        <line num="17" count="2" type="stmt"/>
        <line num="21" count="2" type="stmt"/>
        <line num="25" count="4" type="stmt"/>
        <line num="26" count="16" type="stmt"/>
        <line num="28" count="4" type="stmt"/>
        <line num="33" count="4" type="stmt"/>
        <line num="38" count="2" type="stmt"/>
      </file>
      <file name="generateProbabilitySentences.ts" path="/Users/chris/enterprise/autostat/src/sentences/generateProbabilitySentences.ts">
        <metrics statements="22" coveredstatements="22" conditionals="7" coveredconditionals="6" methods="5" coveredmethods="5"/>
        <line num="3" count="1" type="stmt"/>
        <line num="28" count="1" type="stmt"/>
        <line num="32" count="24" type="stmt"/>
        <line num="33" count="7" type="stmt"/>
        <line num="38" count="7" type="stmt"/>
        <line num="40" count="7" type="stmt"/>
        <line num="41" count="24" type="stmt"/>
        <line num="42" count="50" type="stmt"/>
        <line num="43" count="214" type="stmt"/>
        <line num="44" count="484" type="stmt"/>
        <line num="48" count="484" type="stmt"/>
        <line num="50" count="1888" type="cond" truecount="2" falsecount="0"/>
        <line num="54" count="484" type="cond" truecount="1" falsecount="1"/>
        <line num="58" count="484" type="stmt"/>
        <line num="59" count="1388" type="stmt"/>
        <line num="61" count="484" type="stmt"/>
        <line num="62" count="1388" type="stmt"/>
        <line num="65" count="484" type="stmt"/>
        <line num="66" count="484" type="stmt"/>
        <line num="68" count="484" type="cond" truecount="3" falsecount="0"/>
        <line num="69" count="182" type="stmt"/>
        <line num="78" count="7" type="stmt"/>
      </file>
      <file name="generateStatisticalSentencesForNumbers.ts" path="/Users/chris/enterprise/autostat/src/sentences/generateStatisticalSentencesForNumbers.ts">
        <metrics statements="16" coveredstatements="16" conditionals="1" coveredconditionals="1" methods="3" coveredmethods="3"/>
        <line num="1" count="1" type="stmt"/>
        <line num="2" count="1" type="stmt"/>
        <line num="5" count="1" type="stmt"/>
        <line num="9" count="7" type="stmt"/>
        <line num="10" count="7" type="stmt"/>
        <line num="11" count="24" type="stmt"/>
        <line num="13" count="7" type="stmt"/>
        <line num="16" count="1" type="stmt"/>
        <line num="20" count="24" type="stmt"/>
        <line num="21" count="24" type="stmt"/>
        <line num="24" count="84" type="stmt"/>
        <line num="27" count="24" type="cond" truecount="1" falsecount="0"/>
        <line num="28" count="14" type="stmt"/>
        <line num="31" count="10" type="stmt"/>
        <line num="33" count="10" type="stmt"/>
        <line num="46" count="10" type="stmt"/>
      </file>
      <file name="generateStatisticalSentencesForStrings.ts" path="/Users/chris/enterprise/autostat/src/sentences/generateStatisticalSentencesForStrings.ts">
        <metrics statements="51" coveredstatements="50" conditionals="8" coveredconditionals="7" methods="11" coveredmethods="11"/>
        <line num="2" count="1" type="stmt"/>
        <line num="4" count="1" type="stmt"/>
        <line num="8" count="7" type="stmt"/>
        <line num="9" count="7" type="stmt"/>
        <line num="10" count="24" type="stmt"/>
        <line num="11" count="24" type="stmt"/>
        <line num="13" count="7" type="stmt"/>
        <line num="16" count="1" type="stmt"/>
        <line num="20" count="24" type="stmt"/>
        <line num="21" count="24" type="stmt"/>
        <line num="24" count="84" type="stmt"/>
        <line num="27" count="24" type="stmt"/>
        <line num="30" count="24" type="cond" truecount="1" falsecount="0"/>
        <line num="31" count="14" type="stmt"/>
        <line num="34" count="10" type="cond" truecount="0" falsecount="1"/>
        <line num="35" count="0" type="stmt"/>
        <line num="38" count="10" type="stmt"/>
        <line num="40" count="10" type="stmt"/>
        <line num="51" count="10" type="stmt"/>
        <line num="54" count="1" type="stmt"/>
        <line num="66" count="10" type="stmt"/>
        <line num="69" count="34" type="stmt"/>
        <line num="72" count="10" type="stmt"/>
        <line num="73" count="34" type="stmt"/>
        <line num="75" count="10" type="stmt"/>
        <line num="78" count="10" type="stmt"/>
        <line num="79" count="34" type="stmt"/>
        <line num="81" count="34" type="stmt"/>
        <line num="82" count="10" type="stmt"/>
        <line num="85" count="10" type="stmt"/>
        <line num="86" count="10" type="stmt"/>
        <line num="87" count="34" type="cond" truecount="2" falsecount="0"/>
        <line num="89" count="10" type="stmt"/>
        <line num="90" count="10" type="stmt"/>
        <line num="91" count="10" type="stmt"/>
        <line num="92" count="18" type="cond" truecount="1" falsecount="0"/>
        <line num="93" count="10" type="stmt"/>
        <line num="94" count="10" type="stmt"/>
        <line num="97" count="10" type="stmt"/>
        <line num="98" count="10" type="cond" truecount="1" falsecount="0"/>
        <line num="99" count="10" type="stmt"/>
        <line num="103" count="39" type="stmt"/>
        <line num="104" count="10" type="stmt"/>
        <line num="106" count="10" type="cond" truecount="2" falsecount="0"/>
        <line num="109" count="10" type="stmt"/>
        <line num="112" count="10" type="stmt"/>
        <line num="113" count="10" type="stmt"/>
        <line num="114" count="10" type="stmt"/>
        <line num="115" count="10" type="stmt"/>
        <line num="118" count="10" type="stmt"/>
        <line num="120" count="10" type="stmt"/>
      </file>
    </package>
  </project>
</coverage>
