{"/Users/chris/enterprise/autostat/src/autostat.ts": {"path":"/Users/chris/enterprise/autostat/src/autostat.ts","statementMap":{"0":{"start":{"line":2,"column":0},"end":{"line":2,"column":127}},"1":{"start":{"line":3,"column":0},"end":{"line":3,"column":87}},"2":{"start":{"line":4,"column":0},"end":{"line":4,"column":107}},"3":{"start":{"line":5,"column":0},"end":{"line":5,"column":107}},"4":{"start":{"line":7,"column":24},"end":{"line":31,"column":1}},"5":{"start":{"line":14,"column":4},"end":{"line":16,"column":5}},"6":{"start":{"line":15,"column":8},"end":{"line":15,"column":null}},"7":{"start":{"line":17,"column":4},"end":{"line":19,"column":5}},"8":{"start":{"line":18,"column":8},"end":{"line":18,"column":null}},"9":{"start":{"line":20,"column":4},"end":{"line":22,"column":5}},"10":{"start":{"line":21,"column":8},"end":{"line":21,"column":null}},"11":{"start":{"line":25,"column":4},"end":{"line":30,"column":null}},"12":{"start":{"line":7,"column":13},"end":{"line":7,"column":24}},"13":{"start":{"line":33,"column":50},"end":{"line":41,"column":1}},"14":{"start":{"line":34,"column":17},"end":{"line":34,"column":58}},"15":{"start":{"line":35,"column":4},"end":{"line":40,"column":null}},"16":{"start":{"line":36,"column":8},"end":{"line":39,"column":null}},"17":{"start":{"line":33,"column":13},"end":{"line":33,"column":50}}},"fnMap":{"0":{"name":"(anonymous_0)","decl":{"start":{"line":7,"column":24},"end":{"line":7,"column":null}},"loc":{"start":{"line":12,"column":19},"end":{"line":31,"column":1}}},"1":{"name":"(anonymous_1)","decl":{"start":{"line":33,"column":50},"end":{"line":33,"column":69}},"loc":{"start":{"line":33,"column":110},"end":{"line":41,"column":1}}},"2":{"name":"(anonymous_2)","decl":{"start":{"line":35,"column":20},"end":{"line":35,"column":23}},"loc":{"start":{"line":35,"column":26},"end":{"line":40,"column":5}}}},"branchMap":{"0":{"loc":{"start":{"line":14,"column":4},"end":{"line":16,"column":5}},"type":"if","locations":[{"start":{"line":14,"column":4},"end":{"line":16,"column":5}}]},"1":{"loc":{"start":{"line":17,"column":4},"end":{"line":19,"column":5}},"type":"if","locations":[{"start":{"line":17,"column":4},"end":{"line":19,"column":5}}]},"2":{"loc":{"start":{"line":20,"column":4},"end":{"line":22,"column":5}},"type":"if","locations":[{"start":{"line":20,"column":4},"end":{"line":22,"column":5}}]}},"s":{"0":1,"1":1,"2":1,"3":1,"4":1,"5":8,"6":5,"7":7,"8":6,"9":7,"10":6,"11":7,"12":1,"13":1,"14":5,"15":4,"16":19,"17":1},"f":{"0":8,"1":5,"2":19},"b":{"0":[5],"1":[6],"2":[6]}}
,"/Users/chris/enterprise/autostat/src/calculateMeanAndStandardDeviation.ts": {"path":"/Users/chris/enterprise/autostat/src/calculateMeanAndStandardDeviation.ts","statementMap":{"0":{"start":{"line":3,"column":49},"end":{"line":48,"column":1}},"1":{"start":{"line":10,"column":12},"end":{"line":10,"column":13}},"2":{"start":{"line":12,"column":2},"end":{"line":20,"column":3}},"3":{"start":{"line":13,"column":4},"end":{"line":15,"column":5}},"4":{"start":{"line":14,"column":6},"end":{"line":14,"column":48}},"5":{"start":{"line":17,"column":4},"end":{"line":19,"column":5}},"6":{"start":{"line":18,"column":6},"end":{"line":18,"column":44}},"7":{"start":{"line":22,"column":15},"end":{"line":22,"column":35}},"8":{"start":{"line":24,"column":32},"end":{"line":24,"column":33}},"9":{"start":{"line":26,"column":2},"end":{"line":40,"column":3}},"10":{"start":{"line":27,"column":4},"end":{"line":32,"column":5}},"11":{"start":{"line":28,"column":6},"end":{"line":31,"column":8}},"12":{"start":{"line":34,"column":4},"end":{"line":39,"column":5}},"13":{"start":{"line":35,"column":6},"end":{"line":38,"column":8}},"14":{"start":{"line":42,"column":28},"end":{"line":42,"column":79}},"15":{"start":{"line":44,"column":2},"end":{"line":47,"column":4}},"16":{"start":{"line":3,"column":13},"end":{"line":3,"column":49}}},"fnMap":{"0":{"name":"(anonymous_0)","decl":{"start":{"line":3,"column":49},"end":{"line":3,"column":null}},"loc":{"start":{"line":9,"column":4},"end":{"line":48,"column":1}}}},"branchMap":{"0":{"loc":{"start":{"line":12,"column":2},"end":{"line":20,"column":3}},"type":"if","locations":[{"start":{"line":12,"column":2},"end":{"line":20,"column":3}},{"start":{"line":16,"column":9},"end":{"line":20,"column":3}}]},"1":{"loc":{"start":{"line":26,"column":2},"end":{"line":40,"column":3}},"type":"if","locations":[{"start":{"line":26,"column":2},"end":{"line":40,"column":3}},{"start":{"line":33,"column":9},"end":{"line":40,"column":3}}]}},"s":{"0":1,"1":4,"2":4,"3":0,"4":0,"5":4,"6":8,"7":4,"8":4,"9":4,"10":0,"11":0,"12":4,"13":8,"14":4,"15":4,"16":1},"f":{"0":4},"b":{"0":[0,4],"1":[0,4]}}
,"/Users/chris/enterprise/autostat/src/calculatePropertyStats.ts": {"path":"/Users/chris/enterprise/autostat/src/calculatePropertyStats.ts","statementMap":{"0":{"start":{"line":4,"column":38},"end":{"line":72,"column":1}},"1":{"start":{"line":8,"column":43},"end":{"line":16,"column":4}},"2":{"start":{"line":18,"column":2},"end":{"line":61,"column":3}},"3":{"start":{"line":19,"column":4},"end":{"line":19,"column":31}},"4":{"start":{"line":21,"column":4},"end":{"line":60,"column":5}},"5":{"start":{"line":22,"column":26},"end":{"line":22,"column":41}},"6":{"start":{"line":23,"column":28},"end":{"line":23,"column":44}},"7":{"start":{"line":25,"column":6},"end":{"line":31,"column":7}},"8":{"start":{"line":26,"column":8},"end":{"line":26,"column":75}},"9":{"start":{"line":27,"column":8},"end":{"line":30,"column":10}},"10":{"start":{"line":33,"column":6},"end":{"line":33,"column":70}},"11":{"start":{"line":35,"column":6},"end":{"line":37,"column":7}},"12":{"start":{"line":36,"column":8},"end":{"line":36,"column":74}},"13":{"start":{"line":39,"column":6},"end":{"line":44,"column":10}},"14":{"start":{"line":46,"column":6},"end":{"line":51,"column":7}},"15":{"start":{"line":47,"column":8},"end":{"line":50,"column":11}},"16":{"start":{"line":54,"column":6},"end":{"line":59,"column":7}},"17":{"start":{"line":55,"column":8},"end":{"line":58,"column":10}},"18":{"start":{"line":71,"column":2},"end":{"line":71,"column":23}},"19":{"start":{"line":4,"column":13},"end":{"line":4,"column":38}},"20":{"start":{"line":74,"column":53},"end":{"line":103,"column":1}},"21":{"start":{"line":81,"column":12},"end":{"line":81,"column":13}},"22":{"start":{"line":83,"column":2},"end":{"line":85,"column":3}},"23":{"start":{"line":84,"column":4},"end":{"line":84,"column":35}},"24":{"start":{"line":87,"column":18},"end":{"line":87,"column":38}},"25":{"start":{"line":89,"column":32},"end":{"line":89,"column":33}},"26":{"start":{"line":91,"column":2},"end":{"line":93,"column":3}},"27":{"start":{"line":92,"column":4},"end":{"line":92,"column":78}},"28":{"start":{"line":95,"column":28},"end":{"line":96,"column":null}},"29":{"start":{"line":99,"column":2},"end":{"line":102,"column":4}}},"fnMap":{"0":{"name":"(anonymous_0)","decl":{"start":{"line":4,"column":38},"end":{"line":4,"column":null}},"loc":{"start":{"line":7,"column":23},"end":{"line":72,"column":1}}},"1":{"name":"(anonymous_1)","decl":{"start":{"line":74,"column":53},"end":{"line":74,"column":null}},"loc":{"start":{"line":80,"column":4},"end":{"line":103,"column":1}}}},"branchMap":{"0":{"loc":{"start":{"line":25,"column":6},"end":{"line":31,"column":7}},"type":"if","locations":[{"start":{"line":25,"column":6},"end":{"line":31,"column":7}}]},"1":{"loc":{"start":{"line":35,"column":6},"end":{"line":37,"column":7}},"type":"if","locations":[{"start":{"line":35,"column":6},"end":{"line":37,"column":7}}]},"2":{"loc":{"start":{"line":46,"column":6},"end":{"line":51,"column":7}},"type":"if","locations":[{"start":{"line":46,"column":6},"end":{"line":51,"column":7}}]},"3":{"loc":{"start":{"line":54,"column":6},"end":{"line":59,"column":7}},"type":"if","locations":[{"start":{"line":54,"column":6},"end":{"line":59,"column":7}}]}},"s":{"0":1,"1":9,"2":9,"3":33,"4":33,"5":92,"6":92,"7":92,"8":26,"9":26,"10":92,"11":92,"12":54,"13":92,"14":92,"15":26,"16":92,"17":34,"18":9,"19":1,"20":1,"21":34,"22":34,"23":130,"24":34,"25":34,"26":34,"27":130,"28":34,"29":34},"f":{"0":9,"1":34},"b":{"0":[26],"1":[54],"2":[26],"3":[34]}}
,"/Users/chris/enterprise/autostat/src/calculateStatistics.ts": {"path":"/Users/chris/enterprise/autostat/src/calculateStatistics.ts","statementMap":{"0":{"start":{"line":17,"column":35},"end":{"line":72,"column":1}},"1":{"start":{"line":18,"column":23},"end":{"line":18,"column":57}},"2":{"start":{"line":18,"column":51},"end":{"line":18,"column":56}},"3":{"start":{"line":19,"column":18},"end":{"line":19,"column":29}},"4":{"start":{"line":20,"column":17},"end":{"line":20,"column":68}},"5":{"start":{"line":20,"column":45},"end":{"line":20,"column":56}},"6":{"start":{"line":23,"column":4},"end":{"line":28,"column":5}},"7":{"start":{"line":24,"column":25},"end":{"line":24,"column":34}},"8":{"start":{"line":25,"column":8},"end":{"line":25,"column":71}},"9":{"start":{"line":27,"column":8},"end":{"line":27,"column":51}},"10":{"start":{"line":30,"column":20},"end":{"line":30,"column":45}},"11":{"start":{"line":31,"column":4},"end":{"line":33,"column":7}},"12":{"start":{"line":32,"column":8},"end":{"line":32,"column":58}},"13":{"start":{"line":34,"column":17},"end":{"line":34,"column":115}},"14":{"start":{"line":34,"column":71},"end":{"line":34,"column":102}},"15":{"start":{"line":36,"column":18},"end":{"line":36,"column":55}},"16":{"start":{"line":37,"column":20},"end":{"line":37,"column":33}},"17":{"start":{"line":38,"column":20},"end":{"line":38,"column":41}},"18":{"start":{"line":40,"column":28},"end":{"line":40,"column":91}},"19":{"start":{"line":40,"column":56},"end":{"line":40,"column":87}},"20":{"start":{"line":41,"column":21},"end":{"line":41,"column":44}},"21":{"start":{"line":42,"column":25},"end":{"line":42,"column":44}},"22":{"start":{"line":44,"column":22},"end":{"line":48,"column":6}},"23":{"start":{"line":49,"column":16},"end":{"line":49,"column":43}},"24":{"start":{"line":51,"column":35},"end":{"line":51,"column":62}},"25":{"start":{"line":53,"column":21},"end":{"line":53,"column":122}},"26":{"start":{"line":53,"column":49},"end":{"line":53,"column":80}},"27":{"start":{"line":55,"column":21},"end":{"line":55,"column":126}},"28":{"start":{"line":55,"column":49},"end":{"line":55,"column":80}},"29":{"start":{"line":57,"column":4},"end":{"line":71,"column":6}},"30":{"start":{"line":17,"column":13},"end":{"line":17,"column":35}}},"fnMap":{"0":{"name":"(anonymous_0)","decl":{"start":{"line":17,"column":35},"end":{"line":17,"column":36}},"loc":{"start":{"line":17,"column":67},"end":{"line":72,"column":1}}},"1":{"name":"(anonymous_1)","decl":{"start":{"line":18,"column":41},"end":{"line":18,"column":42}},"loc":{"start":{"line":18,"column":51},"end":{"line":18,"column":56}}},"2":{"name":"(anonymous_2)","decl":{"start":{"line":20,"column":29},"end":{"line":20,"column":30}},"loc":{"start":{"line":20,"column":45},"end":{"line":20,"column":56}}},"3":{"name":"(anonymous_3)","decl":{"start":{"line":31,"column":17},"end":{"line":31,"column":22}},"loc":{"start":{"line":31,"column":25},"end":{"line":33,"column":5}}},"4":{"name":"(anonymous_4)","decl":{"start":{"line":34,"column":54},"end":{"line":34,"column":55}},"loc":{"start":{"line":34,"column":71},"end":{"line":34,"column":102}}},"5":{"name":"(anonymous_5)","decl":{"start":{"line":40,"column":40},"end":{"line":40,"column":41}},"loc":{"start":{"line":40,"column":56},"end":{"line":40,"column":87}}},"6":{"name":"(anonymous_6)","decl":{"start":{"line":53,"column":33},"end":{"line":53,"column":34}},"loc":{"start":{"line":53,"column":49},"end":{"line":53,"column":80}}},"7":{"name":"(anonymous_7)","decl":{"start":{"line":55,"column":33},"end":{"line":55,"column":34}},"loc":{"start":{"line":55,"column":49},"end":{"line":55,"column":80}}}},"branchMap":{"0":{"loc":{"start":{"line":23,"column":4},"end":{"line":28,"column":5}},"type":"if","locations":[{"start":{"line":23,"column":4},"end":{"line":28,"column":5}},{"start":{"line":26,"column":11},"end":{"line":28,"column":5}}]},"1":{"loc":{"start":{"line":32,"column":28},"end":{"line":32,"column":51}},"type":"binary-expr","locations":[{"start":{"line":32,"column":28},"end":{"line":32,"column":46}},{"start":{"line":32,"column":50},"end":{"line":32,"column":51}}]},"2":{"loc":{"start":{"line":34,"column":71},"end":{"line":34,"column":102}},"type":"cond-expr","locations":[{"start":{"line":34,"column":91},"end":{"line":34,"column":95}},{"start":{"line":34,"column":98},"end":{"line":34,"column":102}}]}},"s":{"0":1,"1":10,"2":45,"3":10,"4":10,"5":34,"6":10,"7":8,"8":8,"9":2,"10":10,"11":10,"12":34,"13":10,"14":24,"15":10,"16":10,"17":10,"18":10,"19":34,"20":10,"21":10,"22":10,"23":10,"24":10,"25":10,"26":34,"27":10,"28":34,"29":10,"30":1},"f":{"0":10,"1":45,"2":34,"3":34,"4":24,"5":34,"6":34,"7":34},"b":{"0":[8,2],"1":[34,24],"2":[10,14]}}
,"/Users/chris/enterprise/autostat/src/sentences/generateMeanAndStandardDeviationOutcomeSentences.ts": {"path":"/Users/chris/enterprise/autostat/src/sentences/generateMeanAndStandardDeviationOutcomeSentences.ts","statementMap":{"0":{"start":{"line":1,"column":0},"end":{"line":1,"column":89}},"1":{"start":{"line":2,"column":0},"end":{"line":2,"column":67}},"2":{"start":{"line":5,"column":64},"end":{"line":39,"column":1}},"3":{"start":{"line":11,"column":2},"end":{"line":13,"column":3}},"4":{"start":{"line":12,"column":4},"end":{"line":12,"column":14}},"5":{"start":{"line":14,"column":30},"end":{"line":14,"column":32}},"6":{"start":{"line":15,"column":18},"end":{"line":15,"column":28}},"7":{"start":{"line":16,"column":31},"end":{"line":16,"column":73}},"8":{"start":{"line":17,"column":18},"end":{"line":17,"column":28}},"9":{"start":{"line":21,"column":2},"end":{"line":36,"column":3}},"10":{"start":{"line":25,"column":26},"end":{"line":26,"column":null}},"11":{"start":{"line":26,"column":15},"end":{"line":26,"column":54}},"12":{"start":{"line":28,"column":40},"end":{"line":30,"column":null}},"13":{"start":{"line":33,"column":4},"end":{"line":35,"column":6}},"14":{"start":{"line":38,"column":2},"end":{"line":38,"column":19}},"15":{"start":{"line":5,"column":13},"end":{"line":5,"column":64}}},"fnMap":{"0":{"name":"(anonymous_0)","decl":{"start":{"line":5,"column":64},"end":{"line":5,"column":null}},"loc":{"start":{"line":10,"column":14},"end":{"line":39,"column":1}}},"1":{"name":"(anonymous_1)","decl":{"start":{"line":26,"column":6},"end":{"line":26,"column":7}},"loc":{"start":{"line":26,"column":15},"end":{"line":26,"column":54}}}},"branchMap":{"0":{"loc":{"start":{"line":11,"column":2},"end":{"line":13,"column":3}},"type":"if","locations":[{"start":{"line":11,"column":2},"end":{"line":13,"column":3}}]}},"s":{"0":1,"1":1,"2":1,"3":7,"4":5,"5":2,"6":2,"7":2,"8":2,"9":2,"10":4,"11":16,"12":4,"13":4,"14":2,"15":1},"f":{"0":7,"1":16},"b":{"0":[5]}}
,"/Users/chris/enterprise/autostat/src/sentences/generateProbabilitySentences.ts": {"path":"/Users/chris/enterprise/autostat/src/sentences/generateProbabilitySentences.ts","statementMap":{"0":{"start":{"line":3,"column":0},"end":{"line":3,"column":67}},"1":{"start":{"line":28,"column":44},"end":{"line":79,"column":3}},"2":{"start":{"line":32,"column":25},"end":{"line":32,"column":65}},"3":{"start":{"line":32,"column":49},"end":{"line":32,"column":64}},"4":{"start":{"line":33,"column":45},"end":{"line":35,"column":null}},"5":{"start":{"line":38,"column":32},"end":{"line":38,"column":34}},"6":{"start":{"line":40,"column":4},"end":{"line":76,"column":5}},"7":{"start":{"line":41,"column":6},"end":{"line":75,"column":7}},"8":{"start":{"line":42,"column":8},"end":{"line":74,"column":9}},"9":{"start":{"line":43,"column":10},"end":{"line":73,"column":11}},"10":{"start":{"line":44,"column":33},"end":{"line":46,"column":28}},"11":{"start":{"line":48,"column":38},"end":{"line":51,"column":20}},"12":{"start":{"line":50,"column":16},"end":{"line":50,"column":80}},"13":{"start":{"line":54,"column":14},"end":{"line":56,"column":19}},"14":{"start":{"line":58,"column":27},"end":{"line":60,"column":20}},"15":{"start":{"line":59,"column":26},"end":{"line":59,"column":59}},"16":{"start":{"line":61,"column":27},"end":{"line":63,"column":20}},"17":{"start":{"line":62,"column":26},"end":{"line":62,"column":59}},"18":{"start":{"line":65,"column":31},"end":{"line":65,"column":66}},"19":{"start":{"line":66,"column":31},"end":{"line":66,"column":66}},"20":{"start":{"line":68,"column":12},"end":{"line":72,"column":13}},"21":{"start":{"line":69,"column":14},"end":{"line":71,"column":16}},"22":{"start":{"line":78,"column":4},"end":{"line":78,"column":21}},"23":{"start":{"line":28,"column":13},"end":{"line":28,"column":44}}},"fnMap":{"0":{"name":"(anonymous_0)","decl":{"start":{"line":28,"column":44},"end":{"line":28,"column":null}},"loc":{"start":{"line":31,"column":16},"end":{"line":79,"column":3}}},"1":{"name":"(anonymous_1)","decl":{"start":{"line":32,"column":37},"end":{"line":32,"column":38}},"loc":{"start":{"line":32,"column":49},"end":{"line":32,"column":64}}},"2":{"name":"(anonymous_2)","decl":{"start":{"line":49,"column":14},"end":{"line":49,"column":15}},"loc":{"start":{"line":50,"column":16},"end":{"line":50,"column":80}}},"3":{"name":"(anonymous_3)","decl":{"start":{"line":59,"column":14},"end":{"line":59,"column":15}},"loc":{"start":{"line":59,"column":26},"end":{"line":59,"column":59}}},"4":{"name":"(anonymous_4)","decl":{"start":{"line":62,"column":14},"end":{"line":62,"column":15}},"loc":{"start":{"line":62,"column":26},"end":{"line":62,"column":59}}}},"branchMap":{"0":{"loc":{"start":{"line":50,"column":16},"end":{"line":50,"column":80}},"type":"binary-expr","locations":[{"start":{"line":50,"column":16},"end":{"line":50,"column":46}},{"start":{"line":50,"column":50},"end":{"line":50,"column":80}}]},"1":{"loc":{"start":{"line":54,"column":14},"end":{"line":56,"column":19}},"type":"cond-expr","locations":[{"start":{"line":55,"column":18},"end":{"line":55,"column":71}},{"start":{"line":56,"column":18},"end":{"line":56,"column":19}}]},"2":{"loc":{"start":{"line":68,"column":12},"end":{"line":72,"column":13}},"type":"if","locations":[{"start":{"line":68,"column":12},"end":{"line":72,"column":13}}]},"3":{"loc":{"start":{"line":68,"column":16},"end":{"line":68,"column":60}},"type":"binary-expr","locations":[{"start":{"line":68,"column":16},"end":{"line":68,"column":33}},{"start":{"line":68,"column":37},"end":{"line":68,"column":60}}]}},"s":{"0":1,"1":1,"2":7,"3":24,"4":7,"5":7,"6":7,"7":24,"8":50,"9":214,"10":484,"11":484,"12":1888,"13":484,"14":484,"15":1388,"16":484,"17":1388,"18":484,"19":484,"20":484,"21":182,"22":7,"23":1},"f":{"0":7,"1":24,"2":1888,"3":1388,"4":1388},"b":{"0":[1888,808],"1":[484,0],"2":[182],"3":[484,364]}}
,"/Users/chris/enterprise/autostat/src/sentences/generateStatisticalSentencesForNumbers.ts": {"path":"/Users/chris/enterprise/autostat/src/sentences/generateStatisticalSentencesForNumbers.ts","statementMap":{"0":{"start":{"line":1,"column":0},"end":{"line":1,"column":53}},"1":{"start":{"line":2,"column":0},"end":{"line":2,"column":61}},"2":{"start":{"line":5,"column":54},"end":{"line":14,"column":1}},"3":{"start":{"line":9,"column":30},"end":{"line":9,"column":32}},"4":{"start":{"line":10,"column":2},"end":{"line":12,"column":3}},"5":{"start":{"line":11,"column":4},"end":{"line":11,"column":78}},"6":{"start":{"line":13,"column":2},"end":{"line":13,"column":19}},"7":{"start":{"line":5,"column":13},"end":{"line":5,"column":54}},"8":{"start":{"line":16,"column":46},"end":{"line":47,"column":1}},"9":{"start":{"line":20,"column":22},"end":{"line":20,"column":37}},"10":{"start":{"line":21,"column":16},"end":{"line":21,"column":28}},"11":{"start":{"line":24,"column":25},"end":{"line":24,"column":63}},"12":{"start":{"line":24,"column":46},"end":{"line":24,"column":62}},"13":{"start":{"line":27,"column":2},"end":{"line":29,"column":3}},"14":{"start":{"line":28,"column":4},"end":{"line":28,"column":55}},"15":{"start":{"line":31,"column":16},"end":{"line":31,"column":51}},"16":{"start":{"line":33,"column":30},"end":{"line":44,"column":4}},"17":{"start":{"line":46,"column":2},"end":{"line":46,"column":19}}},"fnMap":{"0":{"name":"(anonymous_0)","decl":{"start":{"line":5,"column":54},"end":{"line":5,"column":null}},"loc":{"start":{"line":8,"column":14},"end":{"line":14,"column":1}}},"1":{"name":"(anonymous_1)","decl":{"start":{"line":16,"column":46},"end":{"line":16,"column":null}},"loc":{"start":{"line":19,"column":14},"end":{"line":47,"column":1}}},"2":{"name":"(anonymous_2)","decl":{"start":{"line":24,"column":37},"end":{"line":24,"column":38}},"loc":{"start":{"line":24,"column":46},"end":{"line":24,"column":62}}}},"branchMap":{"0":{"loc":{"start":{"line":27,"column":2},"end":{"line":29,"column":3}},"type":"if","locations":[{"start":{"line":27,"column":2},"end":{"line":29,"column":3}}]}},"s":{"0":1,"1":1,"2":1,"3":7,"4":7,"5":24,"6":7,"7":1,"8":1,"9":24,"10":24,"11":24,"12":84,"13":24,"14":14,"15":10,"16":10,"17":10},"f":{"0":7,"1":24,"2":84},"b":{"0":[14]}}
,"/Users/chris/enterprise/autostat/src/sentences/generateStatisticalSentencesForStrings.ts": {"path":"/Users/chris/enterprise/autostat/src/sentences/generateStatisticalSentencesForStrings.ts","statementMap":{"0":{"start":{"line":2,"column":0},"end":{"line":2,"column":53}},"1":{"start":{"line":4,"column":54},"end":{"line":14,"column":1}},"2":{"start":{"line":8,"column":30},"end":{"line":8,"column":32}},"3":{"start":{"line":9,"column":2},"end":{"line":12,"column":3}},"4":{"start":{"line":10,"column":22},"end":{"line":10,"column":76}},"5":{"start":{"line":11,"column":4},"end":{"line":11,"column":33}},"6":{"start":{"line":13,"column":2},"end":{"line":13,"column":19}},"7":{"start":{"line":4,"column":13},"end":{"line":4,"column":54}},"8":{"start":{"line":16,"column":54},"end":{"line":52,"column":1}},"9":{"start":{"line":20,"column":22},"end":{"line":20,"column":37}},"10":{"start":{"line":21,"column":16},"end":{"line":21,"column":28}},"11":{"start":{"line":24,"column":25},"end":{"line":24,"column":63}},"12":{"start":{"line":24,"column":46},"end":{"line":24,"column":62}},"13":{"start":{"line":27,"column":21},"end":{"line":27,"column":63}},"14":{"start":{"line":30,"column":2},"end":{"line":32,"column":3}},"15":{"start":{"line":31,"column":4},"end":{"line":31,"column":54}},"16":{"start":{"line":34,"column":2},"end":{"line":36,"column":3}},"17":{"start":{"line":35,"column":4},"end":{"line":35,"column":54}},"18":{"start":{"line":38,"column":16},"end":{"line":38,"column":69}},"19":{"start":{"line":40,"column":30},"end":{"line":49,"column":4}},"20":{"start":{"line":51,"column":2},"end":{"line":51,"column":19}},"21":{"start":{"line":16,"column":14},"end":{"line":16,"column":54}},"22":{"start":{"line":54,"column":34},"end":{"line":129,"column":1}},"23":{"start":{"line":66,"column":12},"end":{"line":66,"column":26}},"24":{"start":{"line":69,"column":30},"end":{"line":69,"column":79}},"25":{"start":{"line":69,"column":51},"end":{"line":69,"column":78}},"26":{"start":{"line":72,"column":15},"end":{"line":73,"column":null}},"27":{"start":{"line":73,"column":45},"end":{"line":73,"column":54}},"28":{"start":{"line":75,"column":21},"end":{"line":75,"column":41}},"29":{"start":{"line":78,"column":29},"end":{"line":79,"column":null}},"30":{"start":{"line":79,"column":4},"end":{"line":79,"column":27}},"31":{"start":{"line":81,"column":19},"end":{"line":81,"column":78}},"32":{"start":{"line":81,"column":60},"end":{"line":81,"column":70}},"33":{"start":{"line":82,"column":17},"end":{"line":82,"column":36}},"34":{"start":{"line":85,"column":20},"end":{"line":85,"column":45}},"35":{"start":{"line":86,"column":2},"end":{"line":88,"column":5}},"36":{"start":{"line":87,"column":4},"end":{"line":87,"column":54}},"37":{"start":{"line":89,"column":28},"end":{"line":89,"column":32}},"38":{"start":{"line":90,"column":17},"end":{"line":90,"column":18}},"39":{"start":{"line":91,"column":2},"end":{"line":96,"column":5}},"40":{"start":{"line":92,"column":4},"end":{"line":95,"column":5}},"41":{"start":{"line":93,"column":6},"end":{"line":93,"column":23}},"42":{"start":{"line":94,"column":6},"end":{"line":94,"column":17}},"43":{"start":{"line":97,"column":19},"end":{"line":97,"column":21}},"44":{"start":{"line":98,"column":2},"end":{"line":100,"column":3}},"45":{"start":{"line":99,"column":2},"end":{"line":99,"column":36}},"46":{"start":{"line":103,"column":24},"end":{"line":103,"column":73}},"47":{"start":{"line":103,"column":67},"end":{"line":103,"column":72}},"48":{"start":{"line":104,"column":22},"end":{"line":104,"column":39}},"49":{"start":{"line":106,"column":4},"end":{"line":108,"column":34}},"50":{"start":{"line":109,"column":23},"end":{"line":109,"column":50}},"51":{"start":{"line":112,"column":19},"end":{"line":112,"column":51}},"52":{"start":{"line":113,"column":20},"end":{"line":113,"column":44}},"53":{"start":{"line":114,"column":19},"end":{"line":114,"column":51}},"54":{"start":{"line":115,"column":20},"end":{"line":115,"column":44}},"55":{"start":{"line":118,"column":16},"end":{"line":118,"column":35}},"56":{"start":{"line":120,"column":2},"end":{"line":128,"column":4}}},"fnMap":{"0":{"name":"(anonymous_0)","decl":{"start":{"line":4,"column":54},"end":{"line":4,"column":null}},"loc":{"start":{"line":7,"column":14},"end":{"line":14,"column":1}}},"1":{"name":"(anonymous_1)","decl":{"start":{"line":16,"column":54},"end":{"line":16,"column":null}},"loc":{"start":{"line":19,"column":14},"end":{"line":52,"column":1}}},"2":{"name":"(anonymous_2)","decl":{"start":{"line":24,"column":37},"end":{"line":24,"column":38}},"loc":{"start":{"line":24,"column":46},"end":{"line":24,"column":62}}},"3":{"name":"(anonymous_3)","decl":{"start":{"line":54,"column":34},"end":{"line":54,"column":null}},"loc":{"start":{"line":65,"column":4},"end":{"line":129,"column":1}}},"4":{"name":"(anonymous_4)","decl":{"start":{"line":69,"column":42},"end":{"line":69,"column":43}},"loc":{"start":{"line":69,"column":51},"end":{"line":69,"column":78}}},"5":{"name":"(anonymous_5)","decl":{"start":{"line":73,"column":31},"end":{"line":73,"column":32}},"loc":{"start":{"line":73,"column":45},"end":{"line":73,"column":54}}},"6":{"name":"(anonymous_6)","decl":{"start":{"line":78,"column":53},"end":{"line":78,"column":54}},"loc":{"start":{"line":79,"column":4},"end":{"line":79,"column":27}}},"7":{"name":"(anonymous_7)","decl":{"start":{"line":81,"column":45},"end":{"line":81,"column":46}},"loc":{"start":{"line":81,"column":60},"end":{"line":81,"column":70}}},"8":{"name":"(anonymous_8)","decl":{"start":{"line":86,"column":30},"end":{"line":86,"column":31}},"loc":{"start":{"line":86,"column":38},"end":{"line":88,"column":3}}},"9":{"name":"(anonymous_9)","decl":{"start":{"line":91,"column":20},"end":{"line":91,"column":21}},"loc":{"start":{"line":91,"column":35},"end":{"line":96,"column":3}}},"10":{"name":"(anonymous_10)","decl":{"start":{"line":103,"column":57},"end":{"line":103,"column":58}},"loc":{"start":{"line":103,"column":67},"end":{"line":103,"column":72}}}},"branchMap":{"0":{"loc":{"start":{"line":30,"column":2},"end":{"line":32,"column":3}},"type":"if","locations":[{"start":{"line":30,"column":2},"end":{"line":32,"column":3}}]},"1":{"loc":{"start":{"line":34,"column":2},"end":{"line":36,"column":3}},"type":"if","locations":[{"start":{"line":34,"column":2},"end":{"line":36,"column":3}}]},"2":{"loc":{"start":{"line":87,"column":24},"end":{"line":87,"column":47}},"type":"binary-expr","locations":[{"start":{"line":87,"column":24},"end":{"line":87,"column":42}},{"start":{"line":87,"column":46},"end":{"line":87,"column":47}}]},"3":{"loc":{"start":{"line":92,"column":4},"end":{"line":95,"column":5}},"type":"if","locations":[{"start":{"line":92,"column":4},"end":{"line":95,"column":5}}]},"4":{"loc":{"start":{"line":98,"column":2},"end":{"line":100,"column":3}},"type":"if","locations":[{"start":{"line":98,"column":2},"end":{"line":100,"column":3}}]},"5":{"loc":{"start":{"line":106,"column":4},"end":{"line":108,"column":34}},"type":"cond-expr","locations":[{"start":{"line":107,"column":8},"end":{"line":107,"column":73}},{"start":{"line":108,"column":8},"end":{"line":108,"column":34}}]}},"s":{"0":1,"1":1,"2":7,"3":7,"4":24,"5":24,"6":7,"7":1,"8":1,"9":24,"10":24,"11":24,"12":84,"13":24,"14":24,"15":14,"16":10,"17":0,"18":10,"19":10,"20":10,"21":1,"22":1,"23":10,"24":10,"25":34,"26":10,"27":34,"28":10,"29":10,"30":34,"31":10,"32":34,"33":10,"34":10,"35":10,"36":34,"37":10,"38":10,"39":10,"40":18,"41":10,"42":10,"43":10,"44":10,"45":10,"46":10,"47":39,"48":10,"49":10,"50":10,"51":10,"52":10,"53":10,"54":10,"55":10,"56":10},"f":{"0":7,"1":24,"2":84,"3":10,"4":34,"5":34,"6":34,"7":34,"8":34,"9":18,"10":39},"b":{"0":[14],"1":[0],"2":[34,18],"3":[10],"4":[10],"5":[8,2]}}
}
