TN:
SF:src/autostat.ts
FN:7,(anonymous_0)
FN:33,(anonymous_1)
FN:35,(anonymous_2)
FNF:3
FNH:3
FNDA:8,(anonymous_0)
FNDA:5,(anonymous_1)
FNDA:19,(anonymous_2)
DA:2,1
DA:3,1
DA:4,1
DA:5,1
DA:7,1
DA:14,8
DA:15,5
DA:17,7
DA:18,6
DA:20,7
DA:21,6
DA:25,7
DA:33,1
DA:34,5
DA:35,4
DA:36,19
LF:16
LH:16
BRDA:14,0,0,5
BRDA:17,1,0,6
BRDA:20,2,0,6
BRF:3
BRH:3
end_of_record
TN:
SF:src/calculateMeanAndStandardDeviation.ts
FN:3,(anonymous_0)
FNF:1
FNH:1
FNDA:4,(anonymous_0)
DA:3,1
DA:10,4
DA:12,4
DA:13,0
DA:14,0
DA:17,4
DA:18,8
DA:22,4
DA:24,4
DA:26,4
DA:27,0
DA:28,0
DA:34,4
DA:35,8
DA:42,4
DA:44,4
LF:16
LH:12
BRDA:12,0,0,0
BRDA:12,0,1,4
BRDA:26,1,0,0
BRDA:26,1,1,4
BRF:4
BRH:2
end_of_record
TN:
SF:src/calculatePropertyStats.ts
FN:4,(anonymous_0)
FN:74,(anonymous_1)
FNF:2
FNH:2
FNDA:9,(anonymous_0)
FNDA:34,(anonymous_1)
DA:4,1
DA:8,9
DA:18,9
DA:19,33
DA:21,33
DA:22,92
DA:23,92
DA:25,92
DA:26,26
DA:27,26
DA:33,92
DA:35,92
DA:36,54
DA:39,92
DA:46,92
DA:47,26
DA:54,92
DA:55,34
DA:71,9
DA:74,1
DA:81,34
DA:83,34
DA:84,130
DA:87,34
DA:89,34
DA:91,34
DA:92,130
DA:95,34
DA:99,34
LF:29
LH:29
BRDA:25,0,0,26
BRDA:35,1,0,54
BRDA:46,2,0,26
BRDA:54,3,0,34
BRF:4
BRH:4
end_of_record
TN:
SF:src/calculateStatistics.ts
FN:17,(anonymous_0)
FN:18,(anonymous_1)
FN:20,(anonymous_2)
FN:31,(anonymous_3)
FN:34,(anonymous_4)
FN:40,(anonymous_5)
FN:53,(anonymous_6)
FN:55,(anonymous_7)
FNF:8
FNH:8
FNDA:10,(anonymous_0)
FNDA:45,(anonymous_1)
FNDA:34,(anonymous_2)
FNDA:34,(anonymous_3)
FNDA:24,(anonymous_4)
FNDA:34,(anonymous_5)
FNDA:34,(anonymous_6)
FNDA:34,(anonymous_7)
DA:17,1
DA:18,45
DA:19,10
DA:20,34
DA:23,10
DA:24,8
DA:25,8
DA:27,2
DA:30,10
DA:31,10
DA:32,34
DA:34,24
DA:36,10
DA:37,10
DA:38,10
DA:40,34
DA:41,10
DA:42,10
DA:44,10
DA:49,10
DA:51,10
DA:53,34
DA:55,34
DA:57,10
LF:24
LH:24
BRDA:23,0,0,8
BRDA:23,0,1,2
BRDA:32,1,0,34
BRDA:32,1,1,24
BRDA:34,2,0,10
BRDA:34,2,1,14
BRF:6
BRH:6
end_of_record
TN:
SF:src/sentences/generateMeanAndStandardDeviationOutcomeSentences.ts
FN:5,(anonymous_0)
FN:26,(anonymous_1)
FNF:2
FNH:2
FNDA:7,(anonymous_0)
FNDA:16,(anonymous_1)
DA:1,1
DA:2,1
DA:5,1
DA:11,7
DA:12,5
DA:14,2
DA:15,2
DA:16,2
DA:17,2
DA:21,2
DA:25,4
DA:26,16
DA:28,4
DA:33,4
DA:38,2
LF:15
LH:15
BRDA:11,0,0,5
BRF:1
BRH:1
end_of_record
TN:
SF:src/sentences/generateProbabilitySentences.ts
FN:28,(anonymous_0)
FN:32,(anonymous_1)
FN:49,(anonymous_2)
FN:59,(anonymous_3)
FN:62,(anonymous_4)
FNF:5
FNH:5
FNDA:7,(anonymous_0)
FNDA:24,(anonymous_1)
FNDA:1888,(anonymous_2)
FNDA:1388,(anonymous_3)
FNDA:1388,(anonymous_4)
DA:3,1
DA:28,1
DA:32,24
DA:33,7
DA:38,7
DA:40,7
DA:41,24
DA:42,50
DA:43,214
DA:44,484
DA:48,484
DA:50,1888
DA:54,484
DA:58,484
DA:59,1388
DA:61,484
DA:62,1388
DA:65,484
DA:66,484
DA:68,484
DA:69,182
DA:78,7
LF:22
LH:22
BRDA:50,0,0,1888
BRDA:50,0,1,808
BRDA:54,1,0,484
BRDA:54,1,1,0
BRDA:68,2,0,182
BRDA:68,3,0,484
BRDA:68,3,1,364
BRF:7
BRH:6
end_of_record
TN:
SF:src/sentences/generateStatisticalSentencesForNumbers.ts
FN:5,(anonymous_0)
FN:16,(anonymous_1)
FN:24,(anonymous_2)
FNF:3
FNH:3
FNDA:7,(anonymous_0)
FNDA:24,(anonymous_1)
FNDA:84,(anonymous_2)
DA:1,1
DA:2,1
DA:5,1
DA:9,7
DA:10,7
DA:11,24
DA:13,7
DA:16,1
DA:20,24
DA:21,24
DA:24,84
DA:27,24
DA:28,14
DA:31,10
DA:33,10
DA:46,10
LF:16
LH:16
BRDA:27,0,0,14
BRF:1
BRH:1
end_of_record
TN:
SF:src/sentences/generateStatisticalSentencesForStrings.ts
FN:4,(anonymous_0)
FN:16,(anonymous_1)
FN:24,(anonymous_2)
FN:54,(anonymous_3)
FN:69,(anonymous_4)
FN:73,(anonymous_5)
FN:78,(anonymous_6)
FN:81,(anonymous_7)
FN:86,(anonymous_8)
FN:91,(anonymous_9)
FN:103,(anonymous_10)
FNF:11
FNH:11
FNDA:7,(anonymous_0)
FNDA:24,(anonymous_1)
FNDA:84,(anonymous_2)
FNDA:10,(anonymous_3)
FNDA:34,(anonymous_4)
FNDA:34,(anonymous_5)
FNDA:34,(anonymous_6)
FNDA:34,(anonymous_7)
FNDA:34,(anonymous_8)
FNDA:18,(anonymous_9)
FNDA:39,(anonymous_10)
DA:2,1
DA:4,1
DA:8,7
DA:9,7
DA:10,24
DA:11,24
DA:13,7
DA:16,1
DA:20,24
DA:21,24
DA:24,84
DA:27,24
DA:30,24
DA:31,14
DA:34,10
DA:35,0
DA:38,10
DA:40,10
DA:51,10
DA:54,1
DA:66,10
DA:69,34
DA:72,10
DA:73,34
DA:75,10
DA:78,10
DA:79,34
DA:81,34
DA:82,10
DA:85,10
DA:86,10
DA:87,34
DA:89,10
DA:90,10
DA:91,10
DA:92,18
DA:93,10
DA:94,10
DA:97,10
DA:98,10
DA:99,10
DA:103,39
DA:104,10
DA:106,10
DA:109,10
DA:112,10
DA:113,10
DA:114,10
DA:115,10
DA:118,10
DA:120,10
LF:51
LH:50
BRDA:30,0,0,14
BRDA:34,1,0,0
BRDA:87,2,0,34
BRDA:87,2,1,18
BRDA:92,3,0,10
BRDA:98,4,0,10
BRDA:106,5,0,8
BRDA:106,5,1,2
BRF:8
BRH:7
end_of_record
